[01m[K/home/kanishk/Workspaces/smb_ws/src/smb_common/smb_highlevel_controller/src/smb_highlevel_controller_node.cpp:4:35:[m[K [01;31m[Kerror: [m[K‘[01m[KStringConstPtr[m[K’ in namespace ‘[01m[Kstd_msgs[m[K’ does not name a type
    4 | void scanCallback(const std_msgs::[01;31m[KStringConstPtr[m[K&)
      |                                   [01;31m[K^~~~~~~~~~~~~~[m[K
In file included from [01m[K/opt/ros/noetic/include/ros/ros.h:40[m[K,
                 from [01m[K/home/kanishk/Workspaces/smb_ws/src/smb_common/smb_highlevel_controller/src/smb_highlevel_controller_node.cpp:1[m[K:
[01m[K/home/kanishk/Workspaces/smb_ws/src/smb_common/smb_highlevel_controller/src/smb_highlevel_controller_node.cpp:[m[K In function ‘[01m[Kvoid scanCallback(const int&)[m[K’:
[01m[K/home/kanishk/Workspaces/smb_ws/src/smb_common/smb_highlevel_controller/src/smb_highlevel_controller_node.cpp:6:27:[m[K [01;31m[Kerror: [m[K‘[01m[Kmsg[m[K’ was not declared in this scope
    6 | ROS_INFO("I heard: [%s]", [01;31m[Kmsg[m[K.data.c_str());
      |                           [01;31m[K^~~[m[K
[01m[K/opt/ros/noetic/include/ros/console.h:351:165:[m[K [01;36m[Knote: [m[Kin definition of macro ‘[01m[KROSCONSOLE_PRINT_AT_LOCATION_WITH_FILTER[m[K’
  351 |     ::ros::console::print(filter, __rosconsole_define_location__loc.logger_, __rosconsole_define_location__loc.level_, __FILE__, __LINE__, __ROSCONSOLE_FUNCTION__, [01;36m[K__VA_ARGS__[m[K)
      |                                                                                                                                                                     [01;36m[K^~~~~~~~~~~[m[K
[01m[K/opt/ros/noetic/include/ros/console.h:390:7:[m[K [01;36m[Knote: [m[Kin expansion of macro ‘[01m[KROSCONSOLE_PRINT_AT_LOCATION[m[K’
  390 |       [01;36m[KROSCONSOLE_PRINT_AT_LOCATION[m[K(__VA_ARGS__); \
      |       [01;36m[K^~~~~~~~~~~~~~~~~~~~~~~~~~~~[m[K
[01m[K/opt/ros/noetic/include/ros/console.h:575:35:[m[K [01;36m[Knote: [m[Kin expansion of macro ‘[01m[KROS_LOG_COND[m[K’
  575 | #define ROS_LOG(level, name, ...) [01;36m[KROS_LOG_COND[m[K(true, level, name, __VA_ARGS__)
      |                                   [01;36m[K^~~~~~~~~~~~[m[K
[01m[K/opt/ros/noetic/include/rosconsole/macros_generated.h:110:23:[m[K [01;36m[Knote: [m[Kin expansion of macro ‘[01m[KROS_LOG[m[K’
  110 | #define ROS_INFO(...) [01;36m[KROS_LOG[m[K(::ros::console::levels::Info, ROSCONSOLE_DEFAULT_NAME, __VA_ARGS__)
      |                       [01;36m[K^~~~~~~[m[K
[01m[K/home/kanishk/Workspaces/smb_ws/src/smb_common/smb_highlevel_controller/src/smb_highlevel_controller_node.cpp:6:1:[m[K [01;36m[Knote: [m[Kin expansion of macro ‘[01m[KROS_INFO[m[K’
    6 | [01;36m[KROS_INFO[m[K("I heard: [%s]", msg.data.c_str());
      | [01;36m[K^~~~~~~~[m[K
In file included from [01m[K/opt/ros/noetic/include/ros/serialization.h:37[m[K,
                 from [01m[K/opt/ros/noetic/include/ros/publisher.h:34[m[K,
                 from [01m[K/opt/ros/noetic/include/ros/node_handle.h:32[m[K,
                 from [01m[K/opt/ros/noetic/include/ros/ros.h:45[m[K,
                 from [01m[K/home/kanishk/Workspaces/smb_ws/src/smb_common/smb_highlevel_controller/src/smb_highlevel_controller_node.cpp:1[m[K:
/opt/ros/noetic/include/ros/message_traits.h: In instantiation of ‘[01m[Kstatic const char* ros::message_traits::MD5Sum<M>::value() [with M = int][m[K’:
[01m[K/opt/ros/noetic/include/ros/message_traits.h:227:102:[m[K   required from ‘[01m[Kconst char* ros::message_traits::md5sum() [with M = int][m[K’
[01m[K/opt/ros/noetic/include/ros/subscribe_options.h:89:49:[m[K   required from ‘[01m[Kvoid ros::SubscribeOptions::initByFullCallbackType(const string&, uint32_t, const boost::function<void(P)>&, const boost::function<boost::shared_ptr<typename ros::ParameterAdapter<P>::Message>()>&) [with P = const int&; std::string = std::__cxx11::basic_string<char>; uint32_t = unsigned int; typename ros::ParameterAdapter<P>::Message = int][m[K’
[01m[K/opt/ros/noetic/include/ros/node_handle.h:659:5:[m[K   required from ‘[01m[Kros::Subscriber ros::NodeHandle::subscribe(const string&, uint32_t, void (*)(M), const ros::TransportHints&) [with M = const int&; std::string = std::__cxx11::basic_string<char>; uint32_t = unsigned int][m[K’
[01m[K/home/kanishk/Workspaces/smb_ws/src/smb_common/smb_highlevel_controller/src/smb_highlevel_controller_node.cpp:13:78:[m[K   required from here
[01m[K/opt/ros/noetic/include/ros/message_traits.h:120:28:[m[K [01;31m[Kerror: [m[K‘[01m[K__s_getMD5Sum[m[K’ is not a member of ‘[01m[Kint[m[K’
  120 |     return [01;31m[KM::__s_getMD5Sum()[m[K.c_str();
      |            [01;31m[K~~~~~~~~~~~~~~~~^~[m[K
/opt/ros/noetic/include/ros/message_traits.h: In instantiation of ‘[01m[Kstatic const char* ros::message_traits::DataType<M>::value() [with M = int][m[K’:
[01m[K/opt/ros/noetic/include/ros/message_traits.h:236:104:[m[K   required from ‘[01m[Kconst char* ros::message_traits::datatype() [with M = int][m[K’
[01m[K/opt/ros/noetic/include/ros/subscribe_options.h:90:53:[m[K   required from ‘[01m[Kvoid ros::SubscribeOptions::initByFullCallbackType(const string&, uint32_t, const boost::function<void(P)>&, const boost::function<boost::shared_ptr<typename ros::ParameterAdapter<P>::Message>()>&) [with P = const int&; std::string = std::__cxx11::basic_string<char>; uint32_t = unsigned int; typename ros::ParameterAdapter<P>::Message = int][m[K’
[01m[K/opt/ros/noetic/include/ros/node_handle.h:659:5:[m[K   required from ‘[01m[Kros::Subscriber ros::NodeHandle::subscribe(const string&, uint32_t, void (*)(M), const ros::TransportHints&) [with M = const int&; std::string = std::__cxx11::basic_string<char>; uint32_t = unsigned int][m[K’
[01m[K/home/kanishk/Workspaces/smb_ws/src/smb_common/smb_highlevel_controller/src/smb_highlevel_controller_node.cpp:13:78:[m[K   required from here
[01m[K/opt/ros/noetic/include/ros/message_traits.h:137:30:[m[K [01;31m[Kerror: [m[K‘[01m[K__s_getDataType[m[K’ is not a member of ‘[01m[Kint[m[K’
  137 |     return [01;31m[KM::__s_getDataType()[m[K.c_str();
      |            [01;31m[K~~~~~~~~~~~~~~~~~~^~[m[K
make[2]: *** [CMakeFiles/smb_highlevel_controller.dir/build.make:76: CMakeFiles/smb_highlevel_controller.dir/src/smb_highlevel_controller_node.cpp.o] Error 1
make[1]: *** [CMakeFiles/Makefile2:163: CMakeFiles/smb_highlevel_controller.dir/all] Error 2
make: *** [Makefile:146: all] Error 2
