[35m[1mConsolidate compiler generated dependencies of target smb_highlevel_controller[0m
[ 33%] [32mBuilding CXX object CMakeFiles/smb_highlevel_controller.dir/src/smb_highlevel_controller_node.cpp.o[0m
In file included from [01m[K/opt/ros/noetic/include/ros/ros.h:40[m[K,
                 from [01m[K/home/kanishk/Workspaces/smb_ws/src/smb_common/smb_highlevel_controller/src/smb_highlevel_controller_node.cpp:1[m[K:
[01m[K/home/kanishk/Workspaces/smb_ws/src/smb_common/smb_highlevel_controller/src/smb_highlevel_controller_node.cpp:[m[K In function ‘[01m[Kvoid scanCallback(const ConstPtr&)[m[K’:
[01m[K/home/kanishk/Workspaces/smb_ws/src/smb_common/smb_highlevel_controller/src/smb_highlevel_controller_node.cpp:9:10:[m[K [01;35m[Kwarning: [m[Kformat ‘[01m[K%s[m[K’ expects argument of type ‘[01m[Kchar*[m[K’, but argument 8 has type ‘[01m[Kdouble[m[K’ [[01;35m[K-Wformat=[m[K]
    9 | ROS_INFO([01;35m[K"I heard: [%s]"[m[K, [32m[Kmsg->range_min[m[K);
      |          [01;35m[K^~~~~~~~~~~~~~~[m[K  [32m[K~~~~~~~~~~~~~~[m[K
      |                                [32m[K|[m[K
      |                                [32m[Kdouble[m[K
[01m[K/opt/ros/noetic/include/ros/console.h:351:165:[m[K [01;36m[Knote: [m[Kin definition of macro ‘[01m[KROSCONSOLE_PRINT_AT_LOCATION_WITH_FILTER[m[K’
  351 |     ::ros::console::print(filter, __rosconsole_define_location__loc.logger_, __rosconsole_define_location__loc.level_, __FILE__, __LINE__, __ROSCONSOLE_FUNCTION__, [01;36m[K__VA_ARGS__[m[K)
      |                                                                                                                                                                     [01;36m[K^~~~~~~~~~~[m[K
[01m[K/opt/ros/noetic/include/ros/console.h:390:7:[m[K [01;36m[Knote: [m[Kin expansion of macro ‘[01m[KROSCONSOLE_PRINT_AT_LOCATION[m[K’
  390 |       [01;36m[KROSCONSOLE_PRINT_AT_LOCATION[m[K(__VA_ARGS__); \
      |       [01;36m[K^~~~~~~~~~~~~~~~~~~~~~~~~~~~[m[K
[01m[K/opt/ros/noetic/include/ros/console.h:575:35:[m[K [01;36m[Knote: [m[Kin expansion of macro ‘[01m[KROS_LOG_COND[m[K’
  575 | #define ROS_LOG(level, name, ...) [01;36m[KROS_LOG_COND[m[K(true, level, name, __VA_ARGS__)
      |                                   [01;36m[K^~~~~~~~~~~~[m[K
[01m[K/opt/ros/noetic/include/rosconsole/macros_generated.h:110:23:[m[K [01;36m[Knote: [m[Kin expansion of macro ‘[01m[KROS_LOG[m[K’
  110 | #define ROS_INFO(...) [01;36m[KROS_LOG[m[K(::ros::console::levels::Info, ROSCONSOLE_DEFAULT_NAME, __VA_ARGS__)
      |                       [01;36m[K^~~~~~~[m[K
[01m[K/home/kanishk/Workspaces/smb_ws/src/smb_common/smb_highlevel_controller/src/smb_highlevel_controller_node.cpp:9:1:[m[K [01;36m[Knote: [m[Kin expansion of macro ‘[01m[KROS_INFO[m[K’
    9 | [01;36m[KROS_INFO[m[K("I heard: [%s]", msg->range_min);
      | [01;36m[K^~~~~~~~[m[K
[01m[K/home/kanishk/Workspaces/smb_ws/src/smb_common/smb_highlevel_controller/src/smb_highlevel_controller_node.cpp:9:22:[m[K [01;36m[Knote: [m[Kformat string is defined here
    9 | ROS_INFO("I heard: [[01;36m[K%s[m[K]", msg->range_min);
      |                     [01;36m[K~^[m[K
      |                      [01;36m[K|[m[K
      |                      [01;36m[Kchar*[m[K
      |                     [32m[K%f[m[K
[ 66%] [32m[1mLinking CXX executable /home/kanishk/Workspaces/smb_ws/devel/.private/smb_highlevel_controller/lib/smb_highlevel_controller/smb_highlevel_controller[0m
[100%] Built target smb_highlevel_controller
